#
# There is insufficient memory for the Java Runtime Environment to continue.
# Native memory allocation (malloc) failed to allocate 1048576 bytes for AllocateHeap
# Possible reasons:
#   The system is out of physical RAM or swap space
#   The process is running with CompressedOops enabled, and the Java Heap may be blocking the growth of the native heap
# Possible solutions:
#   Reduce memory load on the system
#   Increase physical memory or swap space
#   Check if swap backing store is full
#   Decrease Java heap size (-Xmx/-Xms)
#   Decrease number of Java threads
#   Decrease Java thread stack sizes (-Xss)
#   Set larger code cache with -XX:ReservedCodeCacheSize=
#   JVM is running with Zero Based Compressed Oops mode in which the Java heap is
#     placed in the first 32GB address space. The Java Heap base address is the
#     maximum limit for the native heap growth. Please use -XX:HeapBaseMinAddress
#     to set the Java Heap base and to place the Java Heap above 32GB virtual address.
# This output file may be truncated or incomplete.
#
#  Out of Memory Error (memory/allocation.inline.hpp:61), pid=20528, tid=0x000000000000305c
#
# JRE version:  (8.0_291-b10) (build )
# Java VM: Java HotSpot(TM) 64-Bit Server VM (25.291-b10 mixed mode windows-amd64 compressed oops)
# Failed to write core dump. Minidumps are not enabled by default on client versions of Windows
#

---------------  T H R E A D  ---------------

Current thread (0x000001bea19a2000):  JavaThread "Unknown thread" [_thread_in_vm, id=12380, stack(0x00000064d2800000,0x00000064d2900000)]

Stack: [0x00000064d2800000,0x00000064d2900000]
Native frames: (J=compiled Java code, j=interpreted, Vv=VM code, C=native code)
V  [jvm.dll+0x32ea19]
V  [jvm.dll+0x275462]
V  [jvm.dll+0x27610d]
V  [jvm.dll+0x26cb45]
V  [jvm.dll+0x509d]
V  [jvm.dll+0x3c91ad]
V  [jvm.dll+0x3c9f2a]
V  [jvm.dll+0x3c5ec7]
V  [jvm.dll+0xfcaff]
V  [jvm.dll+0x209dfb]
V  [jvm.dll+0x238827]
V  [jvm.dll+0x1625b6]
C  [java.exe+0x2312]
C  [java.exe+0x15f54]
C  [KERNEL32.DLL+0x17034]
C  [ntdll.dll+0x52651]


---------------  P R O C E S S  ---------------

Java Threads: ( => current thread )

Other Threads:

=>0x000001bea19a2000 (exited) JavaThread "Unknown thread" [_thread_in_vm, id=12380, stack(0x00000064d2800000,0x00000064d2900000)]

VM state:not at safepoint (normal execution)

VM Mutex/Monitor currently owned by a thread: None

heap address: 0x00000006c9600000, size: 3946 MB, Compressed Oops mode: Zero based, Oop shift amount: 3
Narrow klass base: 0x0000000000000000, Narrow klass shift: 3
Compressed class space size: 1073741824 Address: 0x00000007c0000000

Heap:
 PSYoungGen      total 74240K, used 1280K [0x000000076dd00000, 0x0000000772f80000, 0x00000007c0000000)
  eden space 64000K, 2% used [0x000000076dd00000,0x000000076de40010,0x0000000771b80000)
  from space 10240K, 0% used [0x0000000772580000,0x0000000772580000,0x0000000772f80000)
  to   space 10240K, 0% used [0x0000000771b80000,0x0000000771b80000,0x0000000772580000)
 ParOldGen       total 169472K, used 0K [0x00000006c9600000, 0x00000006d3b80000, 0x000000076dd00000)
  object space 169472K, 0% used [0x00000006c9600000,0x00000006c9600000,0x00000006d3b80000)
 Metaspace       used 753K, capacity 4480K, committed 4480K, reserved 1056768K
  class space    used 76K, capacity 384K, committed 384K, reserved 1048576K

Card table byte_map: [0x000001beb27f0000,0x000001beb2fb0000] byte_map_base: 0x000001beaf1a5000

Marking Bits: (ParMarkBitMap*) 0x00000000751b7fe0
 Begin Bits: [0x000001beb34e0000, 0x000001beb7288000)
 End Bits:   [0x000001beb7288000, 0x000001bebb030000)

Polling page: 0x000001bea1940000

CodeCache: size=245760Kb used=328Kb max_used=328Kb free=245431Kb
 bounds [0x000001bea3430000, 0x000001bea36a0000, 0x000001beb2430000]
 total_blobs=58 nmethods=0 adapters=38
 compilation: enabled

Compilation events (0 events):
No events

GC Heap History (0 events):
No events

Deoptimization events (0 events):
No events

Classes redefined (0 events):
No events

Internal exceptions (0 events):
No events

Events (10 events):
Event: 0.205 loading class java/lang/Short
Event: 0.205 loading class java/lang/Short done
Event: 0.205 loading class java/lang/Integer
Event: 0.205 loading class java/lang/Integer done
Event: 0.205 loading class java/lang/Long
Event: 0.205 loading class java/lang/Long done
Event: 0.206 loading class java/lang/NullPointerException
Event: 0.206 loading class java/lang/NullPointerException done
Event: 0.206 loading class java/lang/ArithmeticException
Event: 0.206 loading class java/lang/ArithmeticException done


Dynamic libraries:
0x00007ff7b8820000 - 0x00007ff7b8867000 	C:\Program Files (x86)\Common Files\Oracle\Java\javapath\java.exe
0x00007fff3c710000 - 0x00007fff3c905000 	C:\WINDOWS\SYSTEM32\ntdll.dll
0x00007fff3bbe0000 - 0x00007fff3bc9d000 	C:\WINDOWS\System32\KERNEL32.DLL
0x00007fff3a270000 - 0x00007fff3a539000 	C:\WINDOWS\System32\KERNELBASE.dll
0x00007fff3b1d0000 - 0x00007fff3b27c000 	C:\WINDOWS\System32\ADVAPI32.dll
0x00007fff3bcb0000 - 0x00007fff3bd4e000 	C:\WINDOWS\System32\msvcrt.dll
0x00007fff3bd50000 - 0x00007fff3bdeb000 	C:\WINDOWS\System32\sechost.dll
0x00007fff3be80000 - 0x00007fff3bfaa000 	C:\WINDOWS\System32\RPCRT4.dll
0x00007fff3abf0000 - 0x00007fff3ad90000 	C:\WINDOWS\System32\USER32.dll
0x00007fff39e50000 - 0x00007fff39e72000 	C:\WINDOWS\System32\win32u.dll
0x00007fff3ad90000 - 0x00007fff3adba000 	C:\WINDOWS\System32\GDI32.dll
0x00007fff39e80000 - 0x00007fff39f8b000 	C:\WINDOWS\System32\gdi32full.dll
0x00007fff3a540000 - 0x00007fff3a5dd000 	C:\WINDOWS\System32\msvcp_win.dll
0x00007fff3a120000 - 0x00007fff3a220000 	C:\WINDOWS\System32\ucrtbase.dll
0x00007fff25ce0000 - 0x00007fff25f7a000 	C:\WINDOWS\WinSxS\amd64_microsoft.windows.common-controls_6595b64144ccf1df_6.0.19041.1110_none_60b5254171f9507e\COMCTL32.dll
0x00007fff3bdf0000 - 0x00007fff3be20000 	C:\WINDOWS\System32\IMM32.DLL
0x00007fff37ed0000 - 0x00007fff37ee5000 	C:\Program Files\Java\jre1.8.0_291\bin\vcruntime140.dll
0x00007fff02660000 - 0x00007fff026fb000 	C:\Program Files\Java\jre1.8.0_291\bin\msvcp140.dll
0x00000000749d0000 - 0x0000000075230000 	C:\Program Files\Java\jre1.8.0_291\bin\server\jvm.dll
0x00007fff3b1c0000 - 0x00007fff3b1c8000 	C:\WINDOWS\System32\PSAPI.DLL
0x00007fff375e0000 - 0x00007fff375e9000 	C:\WINDOWS\SYSTEM32\WSOCK32.dll
0x00007fff3c580000 - 0x00007fff3c5eb000 	C:\WINDOWS\System32\WS2_32.dll
0x00007fff208c0000 - 0x00007fff208e7000 	C:\WINDOWS\SYSTEM32\WINMM.dll
0x00007fff331f0000 - 0x00007fff331fa000 	C:\WINDOWS\SYSTEM32\VERSION.dll
0x00007fff38710000 - 0x00007fff38722000 	C:\WINDOWS\SYSTEM32\kernel.appcore.dll
0x00007fff37f20000 - 0x00007fff37f30000 	C:\Program Files\Java\jre1.8.0_291\bin\verify.dll
0x00007fff37e70000 - 0x00007fff37e9b000 	C:\Program Files\Java\jre1.8.0_291\bin\java.dll
0x00007fff37eb0000 - 0x00007fff37ec8000 	C:\Program Files\Java\jre1.8.0_291\bin\zip.dll
0x00007fff36fc0000 - 0x00007fff371a4000 	C:\WINDOWS\SYSTEM32\dbghelp.dll
0x00007fff3a6f0000 - 0x00007fff3a773000 	C:\WINDOWS\System32\bcryptPrimitives.dll

VM Arguments:
java_command: <unknown>
java_class_path (initial): .
Launcher Type: SUN_STANDARD

Environment Variables:
PATH=C:\Program Files (x86)\Common Files\Oracle\Java\javapath;C:\Program Files (x86)\Common Files\Intel\Shared Libraries\redist\intel64\compiler;C:\Python27\;C:\Python27\Scripts;C:\WINDOWS\system32;C:\WINDOWS;C:\WINDOWS\System32\Wbem;C:\WINDOWS\System32\WindowsPowerShell\v1.0\;C:\WINDOWS\System32\OpenSSH\;C:\Program Files\nodejs\;C:\ProgramData\chocolatey\bin;C:\Program Files\TortoiseGit\bin;C:\wamp64\bin\php\php7.3.12;C:\ProgramData\ComposerSetup\bin;C:\Program Files\Docker\Docker\resources\bin;C:\ProgramData\DockerDesktop\version-bin;C:\Program Files\Git\cmd;C:\Program Files (x86)\Common Files\Seagate\VirtualFile\;C:\Program Files (x86)\Common Files\Seagate\VirtualFile64\;C:\Program Files (x86)\Common Files\Seagate\SnapAPI\;C:\Program Files (x86)\Intel\Intel(R) Management Engine Components\DAL;C:\Program Files\Intel\Intel(R) Management Engine Components\DAL;C:\Ruby27-x64\bin;C:\Users\FullHestack\AppData\Local\Microsoft\WindowsApps;C:\Users\FullHestack\AppData\Roaming\npm;C:\Users\FullHestack\AppData\Local\Programs\Microsoft VS Code\bin;C:\Users\FullHestack\AppData\Roaming\Composer\vendor\bin;C:\MongoDB\bin;C:\Users\FullHestack\AppData\Local\Programs\Microsoft VS Code Insiders\bin;C:\Program Files\Multipass\bin;C:\Users\FullHestack\AppData\Local\gitkraken\bin;C:\ProgramData\AppGet\bin
USERNAME=FullHestack
OS=Windows_NT
PROCESSOR_IDENTIFIER=Intel64 Family 6 Model 78 Stepping 3, GenuineIntel



---------------  S Y S T E M  ---------------

OS: Windows 10.0 , 64 bit Build 19041 (10.0.19041.1023)

CPU:total 4 (initial active 4) (2 cores per cpu, 2 threads per core) family 6 model 78 stepping 3, cmov, cx8, fxsr, mmx, sse, sse2, sse3, ssse3, sse4.1, sse4.2, popcnt, avx, avx2, aes, clmul, erms, 3dnowpref, lzcnt, ht, tsc, tscinvbit, bmi1, bmi2, adx

Memory: 4k page, physical 16162380k(5261480k free), swap 20356684k(7336k free)

vm_info: Java HotSpot(TM) 64-Bit Server VM (25.291-b10) for windows-amd64 JRE (1.8.0_291-b10), built on Apr  9 2021 00:02:00 by "java_re" with MS VC++ 15.9 (VS2017)

time: Fri Jul 30 23:23:32 2021
timezone: Paris, Madrid (heure d’été)
elapsed time: 0.366639 seconds (0d 0h 0m 0s)

